TestFailure: Assertion failed19 August 2015 5:22:36.368 pmVM: Win32 - SmalltalkImage: Squeak4.6 [latest update: #15102]SecurityManager state:Restricted: falseFileAccess: trueSocketAccess: trueWorking Dir C:\prj\monoRailSqueak\Squeak-4.6-All-in-One.app\Contents\ResourcesTrusted Dir C:\prj\monoRailSqueak\Squeak-4.6-All-in-One.app\Contents\Resources\SeongsikUntrusted Dir C:\Users\Seongsik\Documents\My SqueakCellClickInsideRegionPushTestCase(TestCase)>>signalFailure:	Receiver: CellClickInsideRegionPushTestCase>>#testClicksInPushRegions	Arguments and temporary variables: 		aString: 	'Assertion failed'	Receiver's instance variables: 		testSelector: 	#testClicksInPushRegions		timeout: 	nilCellClickInsideRegionPushTestCase(TestCase)>>assert:	Receiver: CellClickInsideRegionPushTestCase>>#testClicksInPushRegions	Arguments and temporary variables: 		aBooleanOrBlock: 	false	Receiver's instance variables: 		testSelector: 	#testClicksInPushRegions		timeout: 	nilCellClickInsideRegionPushTestCase(TestCase)>>should:	Receiver: CellClickInsideRegionPushTestCase>>#testClicksInPushRegions	Arguments and temporary variables: 		aBlock: 	[closure] in [] in CellClickInsideRegionPushTestCase>>testClicksInPushR...etc...	Receiver's instance variables: 		testSelector: 	#testClicksInPushRegions		timeout: 	nil[] in CellClickInsideRegionPushTestCase>>testClicksInPushRegions	Receiver: CellClickInsideRegionPushTestCase>>#testClicksInPushRegions	Arguments and temporary variables: <<error during printing>	Receiver's instance variables: 		testSelector: 	#testClicksInPushRegions		timeout: 	nilArray(SequenceableCollection)>>do:	Receiver: {10@10->CellClickRegionPushEast . 20@10->CellClickRegionPushSouth . 15@15->CellClickRegion...etc...	Arguments and temporary variables: 		aBlock: 	[closure] in CellClickInsideRegionPushTestCase>>testClicksInPushRegions...etc...		index: 	2		indexLimiT: 	9	Receiver's instance variables: {10@10->CellClickRegionPushEast . 20@10->CellClickRegionPushSouth . 15@15->CellClickRegion...etc...CellClickInsideRegionPushTestCase>>testClicksInPushRegions	Receiver: CellClickInsideRegionPushTestCase>>#testClicksInPushRegions	Arguments and temporary variables: <<error during printing>	Receiver's instance variables: 		testSelector: 	#testClicksInPushRegions		timeout: 	nilCellClickInsideRegionPushTestCase(TestCase)>>performTest	Receiver: CellClickInsideRegionPushTestCase>>#testClicksInPushRegions	Arguments and temporary variables: 	Receiver's instance variables: 		testSelector: 	#testClicksInPushRegions		timeout: 	nil[] in [] in CellClickInsideRegionPushTestCase(TestCase)>>runCase	Receiver: CellClickInsideRegionPushTestCase>>#testClicksInPushRegions	Arguments and temporary variables: 	Receiver's instance variables: 		testSelector: 	#testClicksInPushRegions		timeout: 	nilBlockClosure>>on:do:	Receiver: [closure] in [] in CellClickInsideRegionPushTestCase(TestCase)>>runCase	Arguments and temporary variables: 		exception: 	an ExceptionSet		handlerAction: 	[closure] in [] in CellClickInsideRegionPushTestCase(TestCase)>>...etc...		handlerActive: 	false	Receiver's instance variables: 		outerContext: 	[] in CellClickInsideRegionPushTestCase(TestCase)>>runCase		startpc: 	62		numArgs: 	0[] in CellClickInsideRegionPushTestCase(TestCase)>>timeout:after:	Receiver: CellClickInsideRegionPushTestCase>>#testClicksInPushRegions	Arguments and temporary variables: <<error during printing>	Receiver's instance variables: 		testSelector: 	#testClicksInPushRegions		timeout: 	nilBlockClosure>>ensure:	Receiver: [closure] in CellClickInsideRegionPushTestCase(TestCase)>>timeout:after:	Arguments and temporary variables: 		aBlock: 	[closure] in CellClickInsideRegionPushTestCase(TestCase)>>timeout:after...etc...		complete: 	nil		returnValue: 	nil	Receiver's instance variables: 		outerContext: 	CellClickInsideRegionPushTestCase(TestCase)>>timeout:after:		startpc: 	157		numArgs: 	0CellClickInsideRegionPushTestCase(TestCase)>>timeout:after:	Receiver: CellClickInsideRegionPushTestCase>>#testClicksInPushRegions	Arguments and temporary variables: 		aBlock: 	[closure] in [] in CellClickInsideRegionPushTestCase(TestCase)>>runCase...etc...		seconds: 	5		delay: 	a Delay(5000 msecs; 4984 msecs remaining)		watchdog: 	a Process in [] in Delay>>wait		theProcess: 	#(nil)	Receiver's instance variables: 		testSelector: 	#testClicksInPushRegions		timeout: 	nil[] in CellClickInsideRegionPushTestCase(TestCase)>>runCase	Receiver: CellClickInsideRegionPushTestCase>>#testClicksInPushRegions	Arguments and temporary variables: 	Receiver's instance variables: 		testSelector: 	#testClicksInPushRegions		timeout: 	nilBlockClosure>>ensure:	Receiver: [closure] in CellClickInsideRegionPushTestCase(TestCase)>>runCase	Arguments and temporary variables: 		aBlock: 	[closure] in CellClickInsideRegionPushTestCase(TestCase)>>runCase		complete: 	nil		returnValue: 	nil	Receiver's instance variables: 		outerContext: 	CellClickInsideRegionPushTestCase(TestCase)>>runCase		startpc: 	45		numArgs: 	0CellClickInsideRegionPushTestCase(TestCase)>>runCase	Receiver: CellClickInsideRegionPushTestCase>>#testClicksInPushRegions	Arguments and temporary variables: 	Receiver's instance variables: 		testSelector: 	#testClicksInPushRegions		timeout: 	nil[] in CellClickInsideRegionPushTestCase(TestCase)>>debug	Receiver: CellClickInsideRegionPushTestCase>>#testClicksInPushRegions	Arguments and temporary variables: 	Receiver's instance variables: 		testSelector: 	#testClicksInPushRegions		timeout: 	nilBlockClosure>>ensure:	Receiver: [closure] in CellClickInsideRegionPushTestCase(TestCase)>>debug	Arguments and temporary variables: 		aBlock: 	[closure] in CellClickInsideRegionPushTestCase(TestCase)>>debug		complete: 	nil		returnValue: 	nil	Receiver's instance variables: 		outerContext: 	CellClickInsideRegionPushTestCase(TestCase)>>debug		startpc: 	62		numArgs: 	0CellClickInsideRegionPushTestCase(TestCase)>>debug	Receiver: CellClickInsideRegionPushTestCase>>#testClicksInPushRegions	Arguments and temporary variables: 	Receiver's instance variables: 		testSelector: 	#testClicksInPushRegions		timeout: 	nil[] in TestRunner>>debugSuite:	Receiver: a TestRunner	Arguments and temporary variables: <<error during printing>	Receiver's instance variables: 		categories: 	#(#'KernelTests-Chronology' #'KernelTests-Classes' #'KernelTests-Me...etc...		categoriesSelected: 	a Set(#'Laser-Game-Tests')		classes: 	{BlankCellTestCase . CellClickInsideRegionPushTestCase . CellClickRegi...etc...		classIndex: 	8		classesSelected: 	a Set(CellRendererTestCase TargetCellTestCase GridTestCase Mir...etc...		failedList: 	{CellClickInsideRegionPushTestCase>>#testClicksInPushRegions}		failedSelected: 	CellClickInsideRegionPushTestCase>>#testClicksInPushRegions		errorList: 	#()		errorSelected: 	nil		lastUpdate: 	3617457753		result: 	27 run, 26 passes, 0 expected failures, 1 failures, 0 errors, 0 unexpec...etc...		previousRun: 	nil		categoryPattern: 	nil		classPattern: 	nil--- The full stack ---CellClickInsideRegionPushTestCase(TestCase)>>signalFailure:CellClickInsideRegionPushTestCase(TestCase)>>assert:CellClickInsideRegionPushTestCase(TestCase)>>should:[] in CellClickInsideRegionPushTestCase>>testClicksInPushRegionsArray(SequenceableCollection)>>do:CellClickInsideRegionPushTestCase>>testClicksInPushRegionsCellClickInsideRegionPushTestCase(TestCase)>>performTest[] in [] in CellClickInsideRegionPushTestCase(TestCase)>>runCaseBlockClosure>>on:do:[] in CellClickInsideRegionPushTestCase(TestCase)>>timeout:after:BlockClosure>>ensure:CellClickInsideRegionPushTestCase(TestCase)>>timeout:after:[] in CellClickInsideRegionPushTestCase(TestCase)>>runCaseBlockClosure>>ensure:CellClickInsideRegionPushTestCase(TestCase)>>runCase[] in CellClickInsideRegionPushTestCase(TestCase)>>debugBlockClosure>>ensure:CellClickInsideRegionPushTestCase(TestCase)>>debug[] in TestRunner>>debugSuite: - - - - - - - - - - - - - - - - - - - - - - - - - - - - - - - - -[] in [] in OrderedCollection(Collection)>>do:displayingProgress:every:OrderedCollection>>do:[] in OrderedCollection(Collection)>>do:displayingProgress:every:[] in [] in MorphicUIManager>>displayProgress:at:from:to:during:BlockClosure>>on:do:[] in MorphicUIManager>>displayProgress:at:from:to:during:BlockClosure>>ensure:MorphicUIManager>>displayProgress:at:from:to:during:ProgressInitiationException>>defaultResumeValueProgressInitiationException(Exception)>>resumeProgressInitiationException>>defaultActionUndefinedObject>>handleSignal:MethodContext(ContextPart)>>handleSignal:ProgressInitiationException(Exception)>>signalProgressInitiationException>>display:at:from:to:during:ProgressInitiationException class>>display:at:from:to:during:ByteString(String)>>displayProgressAt:from:to:during:ByteString(String)>>displayProgressFrom:to:during:OrderedCollection(Collection)>>do:displayingProgress:every:[] in TestRunner>>basicRunSuite:do:BlockClosure>>ensure:TestRunner>>basicRunSuite:do:TestRunner>>debugSuite:TestRunner>>debug:TestRunner>>failedSelected:PluggableListMorphPlus(PluggableListMorph)>>changeModelSelection:PluggableListMorphPlus(PluggableListMorph)>>mouseUp:PluggableListMorphPlus(Morph)>>handleMouseUp:MouseButtonEvent>>sentTo:PluggableListMorphPlus(Morph)>>handleEvent:PluggableListMorphPlus(Morph)>>handleFocusEvent:[] in HandMorph>>sendFocusEvent:to:clear:BlockClosure>>on:do:PasteUpMorph>>becomeActiveDuring:HandMorph>>sendFocusEvent:to:clear:HandMorph>>sendEvent:focus:clear:HandMorph>>sendMouseEvent:HandMorph>>handleEvent:HandMorph>>processEvents[] in WorldState>>doOneCycleNowFor:Array(SequenceableCollection)>>do:WorldState>>handsDo:-- and more not shown --