TestFailure: Assertion failed18 August 2015 6:18:41.815 pmVM: Win32 - SmalltalkImage: Squeak4.6 [latest update: #15102]SecurityManager state:Restricted: falseFileAccess: trueSocketAccess: trueWorking Dir C:\prj\monoRailSqueak\Squeak-4.6-All-in-One.app\Contents\ResourcesTrusted Dir C:\prj\monoRailSqueak\Squeak-4.6-All-in-One.app\Contents\Resources\SeongsikUntrusted Dir C:\Users\Seongsik\Documents\My SqueakCellClickRegionTestCase(TestCase)>>signalFailure:	Receiver: CellClickRegionTestCase>>#testClicksInIgnoreRegion	Arguments and temporary variables: 		aString: 	'Assertion failed'	Receiver's instance variables: 		testSelector: 	#testClicksInIgnoreRegion		timeout: 	nilCellClickRegionTestCase(TestCase)>>assert:	Receiver: CellClickRegionTestCase>>#testClicksInIgnoreRegion	Arguments and temporary variables: 		aBooleanOrBlock: 	false	Receiver's instance variables: 		testSelector: 	#testClicksInIgnoreRegion		timeout: 	nilCellClickRegionTestCase(TestCase)>>should:	Receiver: CellClickRegionTestCase>>#testClicksInIgnoreRegion	Arguments and temporary variables: 		aBlock: 	[closure] in CellClickRegionTestCase>>testClicksInIgnoreRegion	Receiver's instance variables: 		testSelector: 	#testClicksInIgnoreRegion		timeout: 	nilCellClickRegionTestCase>>testClicksInIgnoreRegion	Receiver: CellClickRegionTestCase>>#testClicksInIgnoreRegion	Arguments and temporary variables: 		pt: 	5@5		regionClass: 	{CellClickRegionOutside}	Receiver's instance variables: 		testSelector: 	#testClicksInIgnoreRegion		timeout: 	nilCellClickRegionTestCase(TestCase)>>performTest	Receiver: CellClickRegionTestCase>>#testClicksInIgnoreRegion	Arguments and temporary variables: 	Receiver's instance variables: 		testSelector: 	#testClicksInIgnoreRegion		timeout: 	nil[] in [] in CellClickRegionTestCase(TestCase)>>runCase	Receiver: CellClickRegionTestCase>>#testClicksInIgnoreRegion	Arguments and temporary variables: 	Receiver's instance variables: 		testSelector: 	#testClicksInIgnoreRegion		timeout: 	nilBlockClosure>>on:do:	Receiver: [closure] in [] in CellClickRegionTestCase(TestCase)>>runCase	Arguments and temporary variables: 		exception: 	an ExceptionSet		handlerAction: 	[closure] in [] in CellClickRegionTestCase(TestCase)>>timeout:af...etc...		handlerActive: 	false	Receiver's instance variables: 		outerContext: 	[] in CellClickRegionTestCase(TestCase)>>runCase		startpc: 	62		numArgs: 	0[] in CellClickRegionTestCase(TestCase)>>timeout:after:	Receiver: CellClickRegionTestCase>>#testClicksInIgnoreRegion	Arguments and temporary variables: <<error during printing>	Receiver's instance variables: 		testSelector: 	#testClicksInIgnoreRegion		timeout: 	nilBlockClosure>>ensure:	Receiver: [closure] in CellClickRegionTestCase(TestCase)>>timeout:after:	Arguments and temporary variables: 		aBlock: 	[closure] in CellClickRegionTestCase(TestCase)>>timeout:after:		complete: 	nil		returnValue: 	nil	Receiver's instance variables: 		outerContext: 	CellClickRegionTestCase(TestCase)>>timeout:after:		startpc: 	157		numArgs: 	0CellClickRegionTestCase(TestCase)>>timeout:after:	Receiver: CellClickRegionTestCase>>#testClicksInIgnoreRegion	Arguments and temporary variables: 		aBlock: 	[closure] in [] in CellClickRegionTestCase(TestCase)>>runCase		seconds: 	5		delay: 	a Delay(5000 msecs; 4990 msecs remaining)		watchdog: 	a Process in [] in Delay>>wait		theProcess: 	#(nil)	Receiver's instance variables: 		testSelector: 	#testClicksInIgnoreRegion		timeout: 	nil[] in CellClickRegionTestCase(TestCase)>>runCase	Receiver: CellClickRegionTestCase>>#testClicksInIgnoreRegion	Arguments and temporary variables: 	Receiver's instance variables: 		testSelector: 	#testClicksInIgnoreRegion		timeout: 	nilBlockClosure>>ensure:	Receiver: [closure] in CellClickRegionTestCase(TestCase)>>runCase	Arguments and temporary variables: 		aBlock: 	[closure] in CellClickRegionTestCase(TestCase)>>runCase		complete: 	nil		returnValue: 	nil	Receiver's instance variables: 		outerContext: 	CellClickRegionTestCase(TestCase)>>runCase		startpc: 	45		numArgs: 	0CellClickRegionTestCase(TestCase)>>runCase	Receiver: CellClickRegionTestCase>>#testClicksInIgnoreRegion	Arguments and temporary variables: 	Receiver's instance variables: 		testSelector: 	#testClicksInIgnoreRegion		timeout: 	nil[] in CellClickRegionTestCase(TestCase)>>debug	Receiver: CellClickRegionTestCase>>#testClicksInIgnoreRegion	Arguments and temporary variables: 	Receiver's instance variables: 		testSelector: 	#testClicksInIgnoreRegion		timeout: 	nilBlockClosure>>ensure:	Receiver: [closure] in CellClickRegionTestCase(TestCase)>>debug	Arguments and temporary variables: 		aBlock: 	[closure] in CellClickRegionTestCase(TestCase)>>debug		complete: 	nil		returnValue: 	nil	Receiver's instance variables: 		outerContext: 	CellClickRegionTestCase(TestCase)>>debug		startpc: 	62		numArgs: 	0CellClickRegionTestCase(TestCase)>>debug	Receiver: CellClickRegionTestCase>>#testClicksInIgnoreRegion	Arguments and temporary variables: 	Receiver's instance variables: 		testSelector: 	#testClicksInIgnoreRegion		timeout: 	nil[] in TestRunner>>debugSuite:	Receiver: a TestRunner	Arguments and temporary variables: <<error during printing>	Receiver's instance variables: 		categories: 	#(#'KernelTests-Chronology' #'KernelTests-Classes' #'KernelTests-Me...etc...		categoriesSelected: 	a Set(#'Laser-Game-Tests')		classes: 	{BlankCellTestCase . CellClickRegionTestCase . CellRendererTestCase . ...etc...		classIndex: 	2		classesSelected: 	a Set(CellRendererTestCase TargetCellTestCase GridTestCase Mir...etc...		failedList: 	{CellClickRegionTestCase>>#testClicksInIgnoreRegion}		failedSelected: 	CellClickRegionTestCase>>#testClicksInIgnoreRegion		errorList: 	#()		errorSelected: 	nil		lastUpdate: 	3617374710		result: 	25 run, 24 passes, 0 expected failures, 1 failures, 0 errors, 0 unexpec...etc...		previousRun: 	nil		categoryPattern: 	nil		classPattern: 	nil[] in [] in OrderedCollection(Collection)>>do:displayingProgress:every:	Receiver: an OrderedCollection(CellClickRegionTestCase>>#testClicksInIgnoreRegion)	Arguments and temporary variables: <<error during printing>	Receiver's instance variables: 		array: 	{CellClickRegionTestCase>>#testClicksInIgnoreRegion . nil . nil . nil . ...etc...		firstIndex: 	1		lastIndex: 	1OrderedCollection>>do:	Receiver: an OrderedCollection(CellClickRegionTestCase>>#testClicksInIgnoreRegion)	Arguments and temporary variables: 		aBlock: 	[closure] in [] in OrderedCollection(Collection)>>do:displayingProgress...etc...		index: 	1	Receiver's instance variables: 		array: 	{CellClickRegionTestCase>>#testClicksInIgnoreRegion . nil . nil . nil . ...etc...		firstIndex: 	1		lastIndex: 	1--- The full stack ---CellClickRegionTestCase(TestCase)>>signalFailure:CellClickRegionTestCase(TestCase)>>assert:CellClickRegionTestCase(TestCase)>>should:CellClickRegionTestCase>>testClicksInIgnoreRegionCellClickRegionTestCase(TestCase)>>performTest[] in [] in CellClickRegionTestCase(TestCase)>>runCaseBlockClosure>>on:do:[] in CellClickRegionTestCase(TestCase)>>timeout:after:BlockClosure>>ensure:CellClickRegionTestCase(TestCase)>>timeout:after:[] in CellClickRegionTestCase(TestCase)>>runCaseBlockClosure>>ensure:CellClickRegionTestCase(TestCase)>>runCase[] in CellClickRegionTestCase(TestCase)>>debugBlockClosure>>ensure:CellClickRegionTestCase(TestCase)>>debug[] in TestRunner>>debugSuite:[] in [] in OrderedCollection(Collection)>>do:displayingProgress:every:OrderedCollection>>do: - - - - - - - - - - - - - - - - - - - - - - - - - - - - - - - - -[] in OrderedCollection(Collection)>>do:displayingProgress:every:[] in [] in MorphicUIManager>>displayProgress:at:from:to:during:BlockClosure>>on:do:[] in MorphicUIManager>>displayProgress:at:from:to:during:BlockClosure>>ensure:MorphicUIManager>>displayProgress:at:from:to:during:ProgressInitiationException>>defaultResumeValueProgressInitiationException(Exception)>>resumeProgressInitiationException>>defaultActionUndefinedObject>>handleSignal:MethodContext(ContextPart)>>handleSignal:ProgressInitiationException(Exception)>>signalProgressInitiationException>>display:at:from:to:during:ProgressInitiationException class>>display:at:from:to:during:ByteString(String)>>displayProgressAt:from:to:during:ByteString(String)>>displayProgressFrom:to:during:OrderedCollection(Collection)>>do:displayingProgress:every:[] in TestRunner>>basicRunSuite:do:BlockClosure>>ensure:TestRunner>>basicRunSuite:do:TestRunner>>debugSuite:TestRunner>>debug:TestRunner>>failedSelected:PluggableListMorphPlus(PluggableListMorph)>>changeModelSelection:PluggableListMorphPlus(PluggableListMorph)>>mouseUp:PluggableListMorphPlus(Morph)>>handleMouseUp:MouseButtonEvent>>sentTo:PluggableListMorphPlus(Morph)>>handleEvent:PluggableListMorphPlus(Morph)>>handleFocusEvent:[] in HandMorph>>sendFocusEvent:to:clear:BlockClosure>>on:do:PasteUpMorph>>becomeActiveDuring:HandMorph>>sendFocusEvent:to:clear:HandMorph>>sendEvent:focus:clear:HandMorph>>sendMouseEvent:HandMorph>>handleEvent:HandMorph>>processEvents[] in WorldState>>doOneCycleNowFor:Array(SequenceableCollection)>>do:WorldState>>handsDo:WorldState>>doOneCycleNowFor:WorldState>>doOneCycleFor:-- and more not shown --